<?xml version="1.0" encoding="UTF-8"?>
<!-- Generated by org.testng.reporters.JUnitReportReporter -->
<testsuite hostname="IM-LP-2722" failures="1" tests="1" name="scripts.USOpeRequirements" time="42.220" errors="0" timestamp="2024-02-22T12:19:10 IST" skipped="0">
  <testcase classname="scripts.USOpeRequirements" name="Validate_USOpeRequirements_Module_On_Myspace_App" time="42.220">
    <failure message="Found 8 accessibility violations:
1) Elements must have sufficient color contrast: https://dequeuniversity.com/rules/axe/3.1/color-contrast?application=axeAPI
  a) [&quot;.usernameContainer &gt; p&quot;]
    Fix any of the following:
      Element has insufficient color contrast of 2.1 (foreground color: #ffffff, background color: #eea424, font size: 10.5pt, font weight: normal). Expected contrast ratio of 4.5:1


  b) [&quot;a[href$=\&quot;logout\&quot;]&quot;]
    Fix any of the following:
      Element has insufficient color contrast of 2.1 (foreground color: #ffffff, background color: #eea424, font size: 9.0pt, font weight: normal). Expected contrast ratio of 4.5:1


  c) [&quot;a[href$=\&quot;changepassword\&quot;]&quot;]
    Fix any of the following:
      Element has insufficient color contrast of 2.1 (foreground color: #ffffff, background color: #eea424, font size: 9.0pt, font weight: normal). Expected contrast ratio of 4.5:1


  d) [&quot;#icon-text&quot;]
    Fix any of the following:
      Element has insufficient color contrast of 2.71 (foreground color: #ffffff, background color: #c29649, font size: 9.8pt, font weight: normal). Expected contrast ratio of 4.5:1


2) &lt;html&gt; element must have a lang attribute: https://dequeuniversity.com/rules/axe/3.1/html-has-lang?application=axeAPI
  a) [&quot;html&quot;]
    Fix any of the following:
      The &lt;html&gt; element does not have a lang attribute


3) Images must have alternate text: https://dequeuniversity.com/rules/axe/3.1/image-alt?application=axeAPI
  a) [&quot;#my_favorites &gt; .material-icons[height=\&quot;\\32 0px\&quot;][width=\&quot;\\32 0px\&quot;]&quot;]
    Fix any of the following:
      Element does not have an alt attribute
      aria-label attribute does not exist or is empty
      aria-labelledby attribute does not exist, references elements that do not exist or references elements that are empty
      Element has no title attribute or the title attribute is empty
      Element&#039;s default semantics were not overridden with role=&quot;presentation&quot;
      Element&#039;s default semantics were not overridden with role=&quot;none&quot;


  b) [&quot;#h &gt; a &gt; .material-icons[height=\&quot;\\32 0px\&quot;][width=\&quot;\\32 0px\&quot;]&quot;]
    Fix any of the following:
      Element does not have an alt attribute
      aria-label attribute does not exist or is empty
      aria-labelledby attribute does not exist, references elements that do not exist or references elements that are empty
      Element has no title attribute or the title attribute is empty
      Element&#039;s default semantics were not overridden with role=&quot;presentation&quot;
      Element&#039;s default semantics were not overridden with role=&quot;none&quot;


  c) [&quot;a[href$=\&quot;quotehealthtip\&quot;] &gt; img&quot;]
    Fix any of the following:
      Element does not have an alt attribute
      aria-label attribute does not exist or is empty
      aria-labelledby attribute does not exist, references elements that do not exist or references elements that are empty
      Element has no title attribute or the title attribute is empty
      Element&#039;s default semantics were not overridden with role=&quot;presentation&quot;
      Element&#039;s default semantics were not overridden with role=&quot;none&quot;


  d) [&quot;img[src$=\&quot;hiring.png\&quot;]&quot;]
    Fix any of the following:
      Element does not have an alt attribute
      aria-label attribute does not exist or is empty
      aria-labelledby attribute does not exist, references elements that do not exist or references elements that are empty
      Element has no title attribute or the title attribute is empty
      Element&#039;s default semantics were not overridden with role=&quot;presentation&quot;
      Element&#039;s default semantics were not overridden with role=&quot;none&quot;


  e) [&quot;a[href=\&quot;/appraisals/index\&quot;] &gt; .material-icons[height=\&quot;\\32 0px\&quot;][width=\&quot;\\32 0px\&quot;]&quot;]
    Fix any of the following:
      Element does not have an alt attribute
      aria-label attribute does not exist or is empty
      aria-labelledby attribute does not exist, references elements that do not exist or references elements that are empty
      Element has no title attribute or the title attribute is empty
      Element&#039;s default semantics were not overridden with role=&quot;presentation&quot;
      Element&#039;s default semantics were not overridden with role=&quot;none&quot;


  f) [&quot;img[src$=\&quot;awards.png\&quot;]&quot;]
    Fix any of the following:
      Element does not have an alt attribute
      aria-label attribute does not exist or is empty
      aria-labelledby attribute does not exist, references elements that do not exist or references elements that are empty
      Element has no title attribute or the title attribute is empty
      Element&#039;s default semantics were not overridden with role=&quot;presentation&quot;
      Element&#039;s default semantics were not overridden with role=&quot;none&quot;


  g) [&quot;.normal:nth-child(5) &gt; a &gt; .material-icons[height=\&quot;\\32 0px\&quot;][width=\&quot;\\32 0px\&quot;]&quot;]
    Fix any of the following:
      Element does not have an alt attribute
      aria-label attribute does not exist or is empty
      aria-labelledby attribute does not exist, references elements that do not exist or references elements that are empty
      Element has no title attribute or the title attribute is empty
      Element&#039;s default semantics were not overridden with role=&quot;presentation&quot;
      Element&#039;s default semantics were not overridden with role=&quot;none&quot;


  h) [&quot;a[href$=\&quot;documents\&quot;] &gt; .material-icons[height=\&quot;\\32 0px\&quot;][width=\&quot;\\32 0px\&quot;]&quot;]
    Fix any of the following:
      Element does not have an alt attribute
      aria-label attribute does not exist or is empty
      aria-labelledby attribute does not exist, references elements that do not exist or references elements that are empty
      Element has no title attribute or the title attribute is empty
      Element&#039;s default semantics were not overridden with role=&quot;presentation&quot;
      Element&#039;s default semantics were not overridden with role=&quot;none&quot;


  i) [&quot;.image_class&quot;]
    Fix any of the following:
      Element does not have an alt attribute
      aria-label attribute does not exist or is empty
      aria-labelledby attribute does not exist, references elements that do not exist or references elements that are empty
      Element has no title attribute or the title attribute is empty
      Element&#039;s default semantics were not overridden with role=&quot;presentation&quot;
      Element&#039;s default semantics were not overridden with role=&quot;none&quot;


4) Form elements must have labels: https://dequeuniversity.com/rules/axe/3.1/label?application=axeAPI
  a) [&quot;#empname&quot;]
    Fix any of the following:
      aria-label attribute does not exist or is empty
      aria-labelledby attribute does not exist, references elements that do not exist or references elements that are empty
      Form element does not have an implicit (wrapped) &lt;label&gt;
      Form element does not have an explicit &lt;label&gt;
      Element has no title attribute or the title attribute is empty


  b) [&quot;#id_search&quot;]
    Fix any of the following:
      aria-label attribute does not exist or is empty
      aria-labelledby attribute does not exist, references elements that do not exist or references elements that are empty
      Form element does not have an implicit (wrapped) &lt;label&gt;
      Form element does not have an explicit &lt;label&gt;
      Element has no title attribute or the title attribute is empty


5) Page must have one main landmark: https://dequeuniversity.com/rules/axe/3.1/landmark-one-main?application=axeAPI
  a) [&quot;html&quot;]
    Fix all of the following:
      Page does not have a main landmark


6) Links must have discernible text: https://dequeuniversity.com/rules/axe/3.1/link-name?application=axeAPI
  a) [&quot;a[href$=\&quot;notifications\&quot;]&quot;]
    Fix all of the following:
      Element is in tab order and does not have accessible text

    Fix any of the following:
      Element does not have text that is visible to screen readers
      aria-label attribute does not exist or is empty
      aria-labelledby attribute does not exist, references elements that do not exist or references elements that are empty
      Element&#039;s default semantics were not overridden with role=&quot;presentation&quot;
      Element&#039;s default semantics were not overridden with role=&quot;none&quot;


  b) [&quot;.header-right.left:nth-child(3) &gt; a&quot;]
    Fix all of the following:
      Element is in tab order and does not have accessible text

    Fix any of the following:
      Element does not have text that is visible to screen readers
      aria-label attribute does not exist or is empty
      aria-labelledby attribute does not exist, references elements that do not exist or references elements that are empty
      Element&#039;s default semantics were not overridden with role=&quot;presentation&quot;
      Element&#039;s default semantics were not overridden with role=&quot;none&quot;


  c) [&quot;.innominds-logo&quot;]
    Fix all of the following:
      Element is in tab order and does not have accessible text

    Fix any of the following:
      Element does not have text that is visible to screen readers
      aria-label attribute does not exist or is empty
      aria-labelledby attribute does not exist, references elements that do not exist or references elements that are empty
      Element&#039;s default semantics were not overridden with role=&quot;presentation&quot;
      Element&#039;s default semantics were not overridden with role=&quot;none&quot;


7) Zooming and scaling must not be disabled: https://dequeuniversity.com/rules/axe/3.1/meta-viewport?application=axeAPI
  a) [&quot;#content-left &gt; meta[name=\&quot;viewport\&quot;]&quot;]
    Fix any of the following:
      user-scalable=no on &lt;meta&gt; tag disables zooming on mobile devices


8) All page content must be contained by landmarks: https://dequeuniversity.com/rules/axe/3.1/region?application=axeAPI
  a) [&quot;html&quot;]
    Fix any of the following:
      Some page content is not contained by landmarks

 expected [true] but found [false]" type="java.lang.AssertionError">
      <![CDATA[java.lang.AssertionError: Found 8 accessibility violations:
1) Elements must have sufficient color contrast: https://dequeuniversity.com/rules/axe/3.1/color-contrast?application=axeAPI
  a) [".usernameContainer > p"]
    Fix any of the following:
      Element has insufficient color contrast of 2.1 (foreground color: #ffffff, background color: #eea424, font size: 10.5pt, font weight: normal). Expected contrast ratio of 4.5:1


  b) ["a[href$=\"logout\"]"]
    Fix any of the following:
      Element has insufficient color contrast of 2.1 (foreground color: #ffffff, background color: #eea424, font size: 9.0pt, font weight: normal). Expected contrast ratio of 4.5:1


  c) ["a[href$=\"changepassword\"]"]
    Fix any of the following:
      Element has insufficient color contrast of 2.1 (foreground color: #ffffff, background color: #eea424, font size: 9.0pt, font weight: normal). Expected contrast ratio of 4.5:1


  d) ["#icon-text"]
    Fix any of the following:
      Element has insufficient color contrast of 2.71 (foreground color: #ffffff, background color: #c29649, font size: 9.8pt, font weight: normal). Expected contrast ratio of 4.5:1


2) <html> element must have a lang attribute: https://dequeuniversity.com/rules/axe/3.1/html-has-lang?application=axeAPI
  a) ["html"]
    Fix any of the following:
      The <html> element does not have a lang attribute


3) Images must have alternate text: https://dequeuniversity.com/rules/axe/3.1/image-alt?application=axeAPI
  a) ["#my_favorites > .material-icons[height=\"\\32 0px\"][width=\"\\32 0px\"]"]
    Fix any of the following:
      Element does not have an alt attribute
      aria-label attribute does not exist or is empty
      aria-labelledby attribute does not exist, references elements that do not exist or references elements that are empty
      Element has no title attribute or the title attribute is empty
      Element's default semantics were not overridden with role="presentation"
      Element's default semantics were not overridden with role="none"


  b) ["#h > a > .material-icons[height=\"\\32 0px\"][width=\"\\32 0px\"]"]
    Fix any of the following:
      Element does not have an alt attribute
      aria-label attribute does not exist or is empty
      aria-labelledby attribute does not exist, references elements that do not exist or references elements that are empty
      Element has no title attribute or the title attribute is empty
      Element's default semantics were not overridden with role="presentation"
      Element's default semantics were not overridden with role="none"


  c) ["a[href$=\"quotehealthtip\"] > img"]
    Fix any of the following:
      Element does not have an alt attribute
      aria-label attribute does not exist or is empty
      aria-labelledby attribute does not exist, references elements that do not exist or references elements that are empty
      Element has no title attribute or the title attribute is empty
      Element's default semantics were not overridden with role="presentation"
      Element's default semantics were not overridden with role="none"


  d) ["img[src$=\"hiring.png\"]"]
    Fix any of the following:
      Element does not have an alt attribute
      aria-label attribute does not exist or is empty
      aria-labelledby attribute does not exist, references elements that do not exist or references elements that are empty
      Element has no title attribute or the title attribute is empty
      Element's default semantics were not overridden with role="presentation"
      Element's default semantics were not overridden with role="none"


  e) ["a[href=\"/appraisals/index\"] > .material-icons[height=\"\\32 0px\"][width=\"\\32 0px\"]"]
    Fix any of the following:
      Element does not have an alt attribute
      aria-label attribute does not exist or is empty
      aria-labelledby attribute does not exist, references elements that do not exist or references elements that are empty
      Element has no title attribute or the title attribute is empty
      Element's default semantics were not overridden with role="presentation"
      Element's default semantics were not overridden with role="none"


  f) ["img[src$=\"awards.png\"]"]
    Fix any of the following:
      Element does not have an alt attribute
      aria-label attribute does not exist or is empty
      aria-labelledby attribute does not exist, references elements that do not exist or references elements that are empty
      Element has no title attribute or the title attribute is empty
      Element's default semantics were not overridden with role="presentation"
      Element's default semantics were not overridden with role="none"


  g) [".normal:nth-child(5) > a > .material-icons[height=\"\\32 0px\"][width=\"\\32 0px\"]"]
    Fix any of the following:
      Element does not have an alt attribute
      aria-label attribute does not exist or is empty
      aria-labelledby attribute does not exist, references elements that do not exist or references elements that are empty
      Element has no title attribute or the title attribute is empty
      Element's default semantics were not overridden with role="presentation"
      Element's default semantics were not overridden with role="none"


  h) ["a[href$=\"documents\"] > .material-icons[height=\"\\32 0px\"][width=\"\\32 0px\"]"]
    Fix any of the following:
      Element does not have an alt attribute
      aria-label attribute does not exist or is empty
      aria-labelledby attribute does not exist, references elements that do not exist or references elements that are empty
      Element has no title attribute or the title attribute is empty
      Element's default semantics were not overridden with role="presentation"
      Element's default semantics were not overridden with role="none"


  i) [".image_class"]
    Fix any of the following:
      Element does not have an alt attribute
      aria-label attribute does not exist or is empty
      aria-labelledby attribute does not exist, references elements that do not exist or references elements that are empty
      Element has no title attribute or the title attribute is empty
      Element's default semantics were not overridden with role="presentation"
      Element's default semantics were not overridden with role="none"


4) Form elements must have labels: https://dequeuniversity.com/rules/axe/3.1/label?application=axeAPI
  a) ["#empname"]
    Fix any of the following:
      aria-label attribute does not exist or is empty
      aria-labelledby attribute does not exist, references elements that do not exist or references elements that are empty
      Form element does not have an implicit (wrapped) <label>
      Form element does not have an explicit <label>
      Element has no title attribute or the title attribute is empty


  b) ["#id_search"]
    Fix any of the following:
      aria-label attribute does not exist or is empty
      aria-labelledby attribute does not exist, references elements that do not exist or references elements that are empty
      Form element does not have an implicit (wrapped) <label>
      Form element does not have an explicit <label>
      Element has no title attribute or the title attribute is empty


5) Page must have one main landmark: https://dequeuniversity.com/rules/axe/3.1/landmark-one-main?application=axeAPI
  a) ["html"]
    Fix all of the following:
      Page does not have a main landmark


6) Links must have discernible text: https://dequeuniversity.com/rules/axe/3.1/link-name?application=axeAPI
  a) ["a[href$=\"notifications\"]"]
    Fix all of the following:
      Element is in tab order and does not have accessible text

    Fix any of the following:
      Element does not have text that is visible to screen readers
      aria-label attribute does not exist or is empty
      aria-labelledby attribute does not exist, references elements that do not exist or references elements that are empty
      Element's default semantics were not overridden with role="presentation"
      Element's default semantics were not overridden with role="none"


  b) [".header-right.left:nth-child(3) > a"]
    Fix all of the following:
      Element is in tab order and does not have accessible text

    Fix any of the following:
      Element does not have text that is visible to screen readers
      aria-label attribute does not exist or is empty
      aria-labelledby attribute does not exist, references elements that do not exist or references elements that are empty
      Element's default semantics were not overridden with role="presentation"
      Element's default semantics were not overridden with role="none"


  c) [".innominds-logo"]
    Fix all of the following:
      Element is in tab order and does not have accessible text

    Fix any of the following:
      Element does not have text that is visible to screen readers
      aria-label attribute does not exist or is empty
      aria-labelledby attribute does not exist, references elements that do not exist or references elements that are empty
      Element's default semantics were not overridden with role="presentation"
      Element's default semantics were not overridden with role="none"


7) Zooming and scaling must not be disabled: https://dequeuniversity.com/rules/axe/3.1/meta-viewport?application=axeAPI
  a) ["#content-left > meta[name=\"viewport\"]"]
    Fix any of the following:
      user-scalable=no on <meta> tag disables zooming on mobile devices


8) All page content must be contained by landmarks: https://dequeuniversity.com/rules/axe/3.1/region?application=axeAPI
  a) ["html"]
    Fix any of the following:
      Some page content is not contained by landmarks

 expected [true] but found [false]
at org.testng.Assert.fail(Assert.java:110)
at org.testng.Assert.failNotEquals(Assert.java:1577)
at org.testng.Assert.assertTrue(Assert.java:56)
at genericLib.WebDriverUtilies.axelib(WebDriverUtilies.java:31)
at scripts.USOpeRequirements.Validate_USOpeRequirements_Module_On_Myspace_App(USOpeRequirements.java:13)
at java.base/jdk.internal.reflect.NativeMethodAccessorImpl.invoke0(Native Method)
at java.base/jdk.internal.reflect.NativeMethodAccessorImpl.invoke(NativeMethodAccessorImpl.java:77)
at java.base/jdk.internal.reflect.DelegatingMethodAccessorImpl.invoke(DelegatingMethodAccessorImpl.java:43)
at java.base/java.lang.reflect.Method.invoke(Method.java:568)
at org.testng.internal.invokers.MethodInvocationHelper.invokeMethod(MethodInvocationHelper.java:139)
at org.testng.internal.invokers.TestInvoker.invokeMethod(TestInvoker.java:677)
at org.testng.internal.invokers.TestInvoker.invokeTestMethod(TestInvoker.java:221)
at org.testng.internal.invokers.MethodRunner.runInSequence(MethodRunner.java:50)
at org.testng.internal.invokers.TestInvoker$MethodInvocationAgent.invoke(TestInvoker.java:969)
at org.testng.internal.invokers.TestInvoker.invokeTestMethods(TestInvoker.java:194)
at org.testng.internal.invokers.TestMethodWorker.invokeTestMethods(TestMethodWorker.java:148)
at org.testng.internal.invokers.TestMethodWorker.run(TestMethodWorker.java:128)
at java.base/java.util.ArrayList.forEach(ArrayList.java:1511)
at org.testng.TestRunner.privateRun(TestRunner.java:829)
at org.testng.TestRunner.run(TestRunner.java:602)
at org.testng.SuiteRunner.runTest(SuiteRunner.java:437)
at org.testng.SuiteRunner.runSequentially(SuiteRunner.java:431)
at org.testng.SuiteRunner.privateRun(SuiteRunner.java:391)
at org.testng.SuiteRunner.run(SuiteRunner.java:330)
at org.testng.SuiteRunnerWorker.runSuite(SuiteRunnerWorker.java:52)
at org.testng.SuiteRunnerWorker.run(SuiteRunnerWorker.java:95)
at org.testng.TestNG.runSuitesSequentially(TestNG.java:1256)
at org.testng.TestNG.runSuitesLocally(TestNG.java:1176)
at org.testng.TestNG.runSuites(TestNG.java:1099)
at org.testng.TestNG.run(TestNG.java:1067)
at org.testng.remote.AbstractRemoteTestNG.run(AbstractRemoteTestNG.java:115)
at org.testng.remote.RemoteTestNG.initAndRun(RemoteTestNG.java:251)
at org.testng.remote.RemoteTestNG.main(RemoteTestNG.java:77)
]]>
    </failure>
  </testcase> <!-- Validate_USOpeRequirements_Module_On_Myspace_App -->
  <system-out/>
</testsuite> <!-- scripts.USOpeRequirements -->
