<?xml version="1.0" encoding="UTF-8"?>
<!-- Generated by org.testng.reporters.JUnitReportReporter -->
<testsuite hostname="IM-LP-2722" failures="1" tests="1" name="awards.Awards" time="50.261" errors="0" timestamp="2024-02-22T12:19:10 IST" skipped="0">
  <testcase classname="awards.Awards" name="Validate_Awards_Module_On_Myspace_App" time="50.261">
    <failure message="Found 10 accessibility violations:
1) ARIA role must be appropriate for the element: https://dequeuniversity.com/rules/axe/3.1/aria-allowed-role?application=axeAPI
  a) [&quot;#ui-id-1&quot;]
    Fix any of the following:
      role presentation  is not allowed for given element


  b) [&quot;#ui-id-2&quot;]
    Fix any of the following:
      role presentation  is not allowed for given element


  c) [&quot;#ui-id-3&quot;]
    Fix any of the following:
      role presentation  is not allowed for given element


2) Elements must have sufficient color contrast: https://dequeuniversity.com/rules/axe/3.1/color-contrast?application=axeAPI
  a) [&quot;.usernameContainer &gt; p&quot;]
    Fix any of the following:
      Element has insufficient color contrast of 2.1 (foreground color: #ffffff, background color: #eea424, font size: 10.5pt, font weight: normal). Expected contrast ratio of 4.5:1


  b) [&quot;a[href$=\&quot;logout\&quot;]&quot;]
    Fix any of the following:
      Element has insufficient color contrast of 2.1 (foreground color: #ffffff, background color: #eea424, font size: 9.0pt, font weight: normal). Expected contrast ratio of 4.5:1


  c) [&quot;a[href$=\&quot;changepassword\&quot;]&quot;]
    Fix any of the following:
      Element has insufficient color contrast of 2.1 (foreground color: #ffffff, background color: #eea424, font size: 9.0pt, font weight: normal). Expected contrast ratio of 4.5:1


  d) [&quot;#icon-text&quot;]
    Fix any of the following:
      Element has insufficient color contrast of 2.71 (foreground color: #ffffff, background color: #c29649, font size: 9.8pt, font weight: normal). Expected contrast ratio of 4.5:1


  e) [&quot;.header_container &gt; p&quot;]
    Fix any of the following:
      Element has insufficient color contrast of 3.99 (foreground color: #ff0000, background color: #ffffff, font size: 9.0pt, font weight: normal). Expected contrast ratio of 4.5:1


  f) [&quot;.col-sm-12:nth-child(7) &gt; .col-sm-2.award_info.award-card:nth-child(2) &gt; .emp_name[align=\&quot;center\&quot;]:nth-child(6) &gt; .thickbox&quot;]
    Fix any of the following:
      Element has insufficient color contrast of 2.34 (foreground color: #5ab1ef, background color: #ffffff, font size: 9.9pt, font weight: normal). Expected contrast ratio of 4.5:1


  g) [&quot;.col-sm-12:nth-child(7) &gt; .col-sm-2.award_info.award-card:nth-child(3) &gt; .emp_name[align=\&quot;center\&quot;]:nth-child(6) &gt; .thickbox&quot;]
    Fix any of the following:
      Element has insufficient color contrast of 2.34 (foreground color: #5ab1ef, background color: #ffffff, font size: 9.9pt, font weight: normal). Expected contrast ratio of 4.5:1


  h) [&quot;.col-sm-12:nth-child(7) &gt; .col-sm-2.award_info.award-card:nth-child(4) &gt; .emp_name[align=\&quot;center\&quot;]:nth-child(6) &gt; .thickbox&quot;]
    Fix any of the following:
      Element has insufficient color contrast of 2.34 (foreground color: #5ab1ef, background color: #ffffff, font size: 9.9pt, font weight: normal). Expected contrast ratio of 4.5:1


  i) [&quot;.col-sm-12:nth-child(7) &gt; .col-sm-2.award_info.award-card:nth-child(5) &gt; .emp_name[align=\&quot;center\&quot;]:nth-child(6) &gt; .thickbox&quot;]
    Fix any of the following:
      Element has insufficient color contrast of 2.34 (foreground color: #5ab1ef, background color: #ffffff, font size: 9.9pt, font weight: normal). Expected contrast ratio of 4.5:1


  j) [&quot;.col-sm-12:nth-child(7) &gt; .col-sm-2.award_info.award-card:nth-child(6) &gt; .emp_name[align=\&quot;center\&quot;]:nth-child(6) &gt; .thickbox&quot;]
    Fix any of the following:
      Element has insufficient color contrast of 2.34 (foreground color: #5ab1ef, background color: #ffffff, font size: 9.9pt, font weight: normal). Expected contrast ratio of 4.5:1


  k) [&quot;.col-sm-12:nth-child(7) &gt; .col-sm-2.award_info.award-card:nth-child(7) &gt; .emp_name[align=\&quot;center\&quot;]:nth-child(6) &gt; .thickbox&quot;]
    Fix any of the following:
      Element has insufficient color contrast of 2.34 (foreground color: #5ab1ef, background color: #ffffff, font size: 9.9pt, font weight: normal). Expected contrast ratio of 4.5:1


  l) [&quot;.col-sm-12:nth-child(7) &gt; .col-sm-2.award_info.award-card:nth-child(8) &gt; .emp_name[align=\&quot;center\&quot;]:nth-child(6) &gt; .thickbox&quot;]
    Fix any of the following:
      Element has insufficient color contrast of 2.34 (foreground color: #5ab1ef, background color: #ffffff, font size: 9.9pt, font weight: normal). Expected contrast ratio of 4.5:1


  m) [&quot;.col-sm-12:nth-child(8) &gt; .col-sm-2.award_info.award-card:nth-child(2) &gt; .emp_name[align=\&quot;center\&quot;]:nth-child(6) &gt; .thickbox&quot;]
    Fix any of the following:
      Element has insufficient color contrast of 2.34 (foreground color: #5ab1ef, background color: #ffffff, font size: 9.9pt, font weight: normal). Expected contrast ratio of 4.5:1


  n) [&quot;.col-sm-12:nth-child(8) &gt; .col-sm-2.award_info.award-card:nth-child(3) &gt; .emp_name[align=\&quot;center\&quot;]:nth-child(6) &gt; .thickbox&quot;]
    Fix any of the following:
      Element has insufficient color contrast of 2.34 (foreground color: #5ab1ef, background color: #ffffff, font size: 9.9pt, font weight: normal). Expected contrast ratio of 4.5:1


  o) [&quot;.col-sm-12:nth-child(8) &gt; .col-sm-2.award_info.award-card:nth-child(4) &gt; .emp_name[align=\&quot;center\&quot;]:nth-child(6) &gt; .thickbox&quot;]
    Fix any of the following:
      Element has insufficient color contrast of 2.34 (foreground color: #5ab1ef, background color: #ffffff, font size: 9.9pt, font weight: normal). Expected contrast ratio of 4.5:1


  p) [&quot;.col-sm-12:nth-child(8) &gt; .col-sm-2.award_info.award-card:nth-child(5) &gt; .emp_name[align=\&quot;center\&quot;]:nth-child(6) &gt; .thickbox&quot;]
    Fix any of the following:
      Element has insufficient color contrast of 2.34 (foreground color: #5ab1ef, background color: #ffffff, font size: 9.9pt, font weight: normal). Expected contrast ratio of 4.5:1


  q) [&quot;.col-sm-12:nth-child(8) &gt; .col-sm-2.award_info.award-card:nth-child(6) &gt; .emp_name[align=\&quot;center\&quot;]:nth-child(6) &gt; .thickbox&quot;]
    Fix any of the following:
      Element has insufficient color contrast of 2.34 (foreground color: #5ab1ef, background color: #ffffff, font size: 9.9pt, font weight: normal). Expected contrast ratio of 4.5:1


  r) [&quot;.col-sm-12:nth-child(8) &gt; .col-sm-2.award_info.award-card:nth-child(7) &gt; .emp_name[align=\&quot;center\&quot;]:nth-child(6) &gt; .thickbox&quot;]
    Fix any of the following:
      Element has insufficient color contrast of 2.34 (foreground color: #5ab1ef, background color: #ffffff, font size: 9.9pt, font weight: normal). Expected contrast ratio of 4.5:1


  s) [&quot;.col-sm-12:nth-child(9) &gt; .col-sm-2.award_info.award-card:nth-child(2) &gt; .emp_name[align=\&quot;center\&quot;]:nth-child(6) &gt; .thickbox&quot;]
    Fix any of the following:
      Element has insufficient color contrast of 2.34 (foreground color: #5ab1ef, background color: #ffffff, font size: 9.9pt, font weight: normal). Expected contrast ratio of 4.5:1


  t) [&quot;.col-sm-12:nth-child(9) &gt; .col-sm-2.award_info.award-card:nth-child(3) &gt; .emp_name[align=\&quot;center\&quot;]:nth-child(6) &gt; .thickbox&quot;]
    Fix any of the following:
      Element has insufficient color contrast of 2.34 (foreground color: #5ab1ef, background color: #ffffff, font size: 9.9pt, font weight: normal). Expected contrast ratio of 4.5:1


  u) [&quot;.col-sm-12:nth-child(9) &gt; .col-sm-2.award_info.award-card:nth-child(4) &gt; .emp_name[align=\&quot;center\&quot;]:nth-child(6) &gt; .thickbox&quot;]
    Fix any of the following:
      Element has insufficient color contrast of 2.34 (foreground color: #5ab1ef, background color: #ffffff, font size: 9.9pt, font weight: normal). Expected contrast ratio of 4.5:1


  v) [&quot;.col-sm-12:nth-child(9) &gt; .col-sm-2.award_info.award-card:nth-child(5) &gt; .emp_name[align=\&quot;center\&quot;]:nth-child(6) &gt; .thickbox&quot;]
    Fix any of the following:
      Element has insufficient color contrast of 2.34 (foreground color: #5ab1ef, background color: #ffffff, font size: 9.9pt, font weight: normal). Expected contrast ratio of 4.5:1


  w) [&quot;.col-sm-12:nth-child(10) &gt; .col-sm-2.award_info.award-card:nth-child(2) &gt; .emp_name[align=\&quot;center\&quot;]:nth-child(6) &gt; .thickbox&quot;]
    Fix any of the following:
      Element has insufficient color contrast of 2.34 (foreground color: #5ab1ef, background color: #ffffff, font size: 9.9pt, font weight: normal). Expected contrast ratio of 4.5:1


  x) [&quot;.col-sm-12:nth-child(10) &gt; .col-sm-2.award_info.award-card:nth-child(3) &gt; .emp_name[align=\&quot;center\&quot;]:nth-child(6) &gt; .thickbox&quot;]
    Fix any of the following:
      Element has insufficient color contrast of 2.34 (foreground color: #5ab1ef, background color: #ffffff, font size: 9.9pt, font weight: normal). Expected contrast ratio of 4.5:1


  y) [&quot;.col-sm-12:nth-child(10) &gt; .col-sm-2.award_info.award-card:nth-child(4) &gt; .emp_name[align=\&quot;center\&quot;]:nth-child(6) &gt; .thickbox&quot;]
    Fix any of the following:
      Element has insufficient color contrast of 2.34 (foreground color: #5ab1ef, background color: #ffffff, font size: 9.9pt, font weight: normal). Expected contrast ratio of 4.5:1


  z) [&quot;.col-sm-12:nth-child(10) &gt; .col-sm-2.award_info.award-card:nth-child(5) &gt; .emp_name[align=\&quot;center\&quot;]:nth-child(6) &gt; .thickbox&quot;]
    Fix any of the following:
      Element has insufficient color contrast of 2.34 (foreground color: #5ab1ef, background color: #ffffff, font size: 9.9pt, font weight: normal). Expected contrast ratio of 4.5:1


  aa) [&quot;.col-sm-12:nth-child(11) &gt; .col-sm-2.award_info.award-card:nth-child(2) &gt; .emp_name[align=\&quot;center\&quot;]:nth-child(6) &gt; .thickbox&quot;]
    Fix any of the following:
      Element has insufficient color contrast of 2.34 (foreground color: #5ab1ef, background color: #ffffff, font size: 9.9pt, font weight: normal). Expected contrast ratio of 4.5:1


  ab) [&quot;.col-sm-12:nth-child(11) &gt; .col-sm-2.award_info.award-card:nth-child(3) &gt; .emp_name[align=\&quot;center\&quot;]:nth-child(6) &gt; .thickbox&quot;]
    Fix any of the following:
      Element has insufficient color contrast of 2.34 (foreground color: #5ab1ef, background color: #ffffff, font size: 9.9pt, font weight: normal). Expected contrast ratio of 4.5:1


  ac) [&quot;.col-sm-12:nth-child(11) &gt; .col-sm-2.award_info.award-card:nth-child(4) &gt; .emp_name[align=\&quot;center\&quot;]:nth-child(6) &gt; .thickbox&quot;]
    Fix any of the following:
      Element has insufficient color contrast of 2.34 (foreground color: #5ab1ef, background color: #ffffff, font size: 9.9pt, font weight: normal). Expected contrast ratio of 4.5:1


  ad) [&quot;.col-sm-12:nth-child(11) &gt; .col-sm-2.award_info.award-card:nth-child(5) &gt; .emp_name[align=\&quot;center\&quot;]:nth-child(6) &gt; .thickbox&quot;]
    Fix any of the following:
      Element has insufficient color contrast of 2.34 (foreground color: #5ab1ef, background color: #ffffff, font size: 9.9pt, font weight: normal). Expected contrast ratio of 4.5:1


  ae) [&quot;.col-sm-12:nth-child(12) &gt; .col-sm-2.award_info.award-card:nth-child(2) &gt; .emp_name[align=\&quot;center\&quot;]:nth-child(6) &gt; .thickbox&quot;]
    Fix any of the following:
      Element has insufficient color contrast of 2.34 (foreground color: #5ab1ef, background color: #ffffff, font size: 9.9pt, font weight: normal). Expected contrast ratio of 4.5:1


  af) [&quot;.col-sm-12:nth-child(12) &gt; .col-sm-2.award_info.award-card:nth-child(3) &gt; .emp_name[align=\&quot;center\&quot;]:nth-child(6) &gt; .thickbox&quot;]
    Fix any of the following:
      Element has insufficient color contrast of 2.34 (foreground color: #5ab1ef, background color: #ffffff, font size: 9.9pt, font weight: normal). Expected contrast ratio of 4.5:1


  ag) [&quot;.col-sm-12:nth-child(12) &gt; .col-sm-2.award_info.award-card:nth-child(4) &gt; .emp_name[align=\&quot;center\&quot;]:nth-child(6) &gt; .thickbox&quot;]
    Fix any of the following:
      Element has insufficient color contrast of 2.34 (foreground color: #5ab1ef, background color: #ffffff, font size: 9.9pt, font weight: normal). Expected contrast ratio of 4.5:1


3) id attribute value must be unique: https://dequeuniversity.com/rules/axe/3.1/duplicate-id?application=axeAPI
  a) [&quot;.col-sm-12:nth-child(7) &gt; div:nth-child(1)&quot;]
    Fix any of the following:
      Document has multiple static elements with the same id attribute


4) &lt;html&gt; element must have a lang attribute: https://dequeuniversity.com/rules/axe/3.1/html-has-lang?application=axeAPI
  a) [&quot;html&quot;]
    Fix any of the following:
      The &lt;html&gt; element does not have a lang attribute


5) Images must have alternate text: https://dequeuniversity.com/rules/axe/3.1/image-alt?application=axeAPI
  a) [&quot;#my_favorites &gt; .material-icons[height=\&quot;\\32 0px\&quot;][width=\&quot;\\32 0px\&quot;]&quot;]
    Fix any of the following:
      Element does not have an alt attribute
      aria-label attribute does not exist or is empty
      aria-labelledby attribute does not exist, references elements that do not exist or references elements that are empty
      Element has no title attribute or the title attribute is empty
      Element&#039;s default semantics were not overridden with role=&quot;presentation&quot;
      Element&#039;s default semantics were not overridden with role=&quot;none&quot;


  b) [&quot;.left-lists.normal:nth-child(1) &gt; a &gt; .material-icons[height=\&quot;\\32 0px\&quot;][width=\&quot;\\32 0px\&quot;]&quot;]
    Fix any of the following:
      Element does not have an alt attribute
      aria-label attribute does not exist or is empty
      aria-labelledby attribute does not exist, references elements that do not exist or references elements that are empty
      Element has no title attribute or the title attribute is empty
      Element&#039;s default semantics were not overridden with role=&quot;presentation&quot;
      Element&#039;s default semantics were not overridden with role=&quot;none&quot;


  c) [&quot;img[src$=\&quot;hiring.png\&quot;]&quot;]
    Fix any of the following:
      Element does not have an alt attribute
      aria-label attribute does not exist or is empty
      aria-labelledby attribute does not exist, references elements that do not exist or references elements that are empty
      Element has no title attribute or the title attribute is empty
      Element&#039;s default semantics were not overridden with role=&quot;presentation&quot;
      Element&#039;s default semantics were not overridden with role=&quot;none&quot;


  d) [&quot;a[href=\&quot;/appraisals/index\&quot;] &gt; .material-icons[height=\&quot;\\32 0px\&quot;][width=\&quot;\\32 0px\&quot;]&quot;]
    Fix any of the following:
      Element does not have an alt attribute
      aria-label attribute does not exist or is empty
      aria-labelledby attribute does not exist, references elements that do not exist or references elements that are empty
      Element has no title attribute or the title attribute is empty
      Element&#039;s default semantics were not overridden with role=&quot;presentation&quot;
      Element&#039;s default semantics were not overridden with role=&quot;none&quot;


  e) [&quot;img[src$=\&quot;awards.png\&quot;]&quot;]
    Fix any of the following:
      Element does not have an alt attribute
      aria-label attribute does not exist or is empty
      aria-labelledby attribute does not exist, references elements that do not exist or references elements that are empty
      Element has no title attribute or the title attribute is empty
      Element&#039;s default semantics were not overridden with role=&quot;presentation&quot;
      Element&#039;s default semantics were not overridden with role=&quot;none&quot;


  f) [&quot;.normal:nth-child(5) &gt; a &gt; .material-icons[height=\&quot;\\32 0px\&quot;][width=\&quot;\\32 0px\&quot;]&quot;]
    Fix any of the following:
      Element does not have an alt attribute
      aria-label attribute does not exist or is empty
      aria-labelledby attribute does not exist, references elements that do not exist or references elements that are empty
      Element has no title attribute or the title attribute is empty
      Element&#039;s default semantics were not overridden with role=&quot;presentation&quot;
      Element&#039;s default semantics were not overridden with role=&quot;none&quot;


  g) [&quot;a[href$=\&quot;documents\&quot;] &gt; .material-icons[height=\&quot;\\32 0px\&quot;][width=\&quot;\\32 0px\&quot;]&quot;]
    Fix any of the following:
      Element does not have an alt attribute
      aria-label attribute does not exist or is empty
      aria-labelledby attribute does not exist, references elements that do not exist or references elements that are empty
      Element has no title attribute or the title attribute is empty
      Element&#039;s default semantics were not overridden with role=&quot;presentation&quot;
      Element&#039;s default semantics were not overridden with role=&quot;none&quot;


  h) [&quot;.image_class&quot;]
    Fix any of the following:
      Element does not have an alt attribute
      aria-label attribute does not exist or is empty
      aria-labelledby attribute does not exist, references elements that do not exist or references elements that are empty
      Element has no title attribute or the title attribute is empty
      Element&#039;s default semantics were not overridden with role=&quot;presentation&quot;
      Element&#039;s default semantics were not overridden with role=&quot;none&quot;


6) Form elements must have labels: https://dequeuniversity.com/rules/axe/3.1/label?application=axeAPI
  a) [&quot;#empname&quot;]
    Fix any of the following:
      aria-label attribute does not exist or is empty
      aria-labelledby attribute does not exist, references elements that do not exist or references elements that are empty
      Form element does not have an implicit (wrapped) &lt;label&gt;
      Form element does not have an explicit &lt;label&gt;
      Element has no title attribute or the title attribute is empty


  b) [&quot;#year_dropdwon_id&quot;]
    Fix any of the following:
      aria-label attribute does not exist or is empty
      aria-labelledby attribute does not exist, references elements that do not exist or references elements that are empty
      Form element does not have an implicit (wrapped) &lt;label&gt;
      Form element does not have an explicit &lt;label&gt;
      Element has no title attribute or the title attribute is empty


7) Page must have one main landmark: https://dequeuniversity.com/rules/axe/3.1/landmark-one-main?application=axeAPI
  a) [&quot;html&quot;]
    Fix all of the following:
      Page does not have a main landmark


8) Links must have discernible text: https://dequeuniversity.com/rules/axe/3.1/link-name?application=axeAPI
  a) [&quot;a[href$=\&quot;notifications\&quot;]&quot;]
    Fix all of the following:
      Element is in tab order and does not have accessible text

    Fix any of the following:
      Element does not have text that is visible to screen readers
      aria-label attribute does not exist or is empty
      aria-labelledby attribute does not exist, references elements that do not exist or references elements that are empty
      Element&#039;s default semantics were not overridden with role=&quot;presentation&quot;
      Element&#039;s default semantics were not overridden with role=&quot;none&quot;


  b) [&quot;.header-right.left:nth-child(3) &gt; a&quot;]
    Fix all of the following:
      Element is in tab order and does not have accessible text

    Fix any of the following:
      Element does not have text that is visible to screen readers
      aria-label attribute does not exist or is empty
      aria-labelledby attribute does not exist, references elements that do not exist or references elements that are empty
      Element&#039;s default semantics were not overridden with role=&quot;presentation&quot;
      Element&#039;s default semantics were not overridden with role=&quot;none&quot;


  c) [&quot;.innominds-logo&quot;]
    Fix all of the following:
      Element is in tab order and does not have accessible text

    Fix any of the following:
      Element does not have text that is visible to screen readers
      aria-label attribute does not exist or is empty
      aria-labelledby attribute does not exist, references elements that do not exist or references elements that are empty
      Element&#039;s default semantics were not overridden with role=&quot;presentation&quot;
      Element&#039;s default semantics were not overridden with role=&quot;none&quot;


9) Zooming and scaling must not be disabled: https://dequeuniversity.com/rules/axe/3.1/meta-viewport?application=axeAPI
  a) [&quot;#content-left &gt; meta[name=\&quot;viewport\&quot;]&quot;]
    Fix any of the following:
      user-scalable=no on &lt;meta&gt; tag disables zooming on mobile devices


10) All page content must be contained by landmarks: https://dequeuniversity.com/rules/axe/3.1/region?application=axeAPI
  a) [&quot;html&quot;]
    Fix any of the following:
      Some page content is not contained by landmarks

 expected [true] but found [false]" type="java.lang.AssertionError">
      <![CDATA[java.lang.AssertionError: Found 10 accessibility violations:
1) ARIA role must be appropriate for the element: https://dequeuniversity.com/rules/axe/3.1/aria-allowed-role?application=axeAPI
  a) ["#ui-id-1"]
    Fix any of the following:
      role presentation  is not allowed for given element


  b) ["#ui-id-2"]
    Fix any of the following:
      role presentation  is not allowed for given element


  c) ["#ui-id-3"]
    Fix any of the following:
      role presentation  is not allowed for given element


2) Elements must have sufficient color contrast: https://dequeuniversity.com/rules/axe/3.1/color-contrast?application=axeAPI
  a) [".usernameContainer > p"]
    Fix any of the following:
      Element has insufficient color contrast of 2.1 (foreground color: #ffffff, background color: #eea424, font size: 10.5pt, font weight: normal). Expected contrast ratio of 4.5:1


  b) ["a[href$=\"logout\"]"]
    Fix any of the following:
      Element has insufficient color contrast of 2.1 (foreground color: #ffffff, background color: #eea424, font size: 9.0pt, font weight: normal). Expected contrast ratio of 4.5:1


  c) ["a[href$=\"changepassword\"]"]
    Fix any of the following:
      Element has insufficient color contrast of 2.1 (foreground color: #ffffff, background color: #eea424, font size: 9.0pt, font weight: normal). Expected contrast ratio of 4.5:1


  d) ["#icon-text"]
    Fix any of the following:
      Element has insufficient color contrast of 2.71 (foreground color: #ffffff, background color: #c29649, font size: 9.8pt, font weight: normal). Expected contrast ratio of 4.5:1


  e) [".header_container > p"]
    Fix any of the following:
      Element has insufficient color contrast of 3.99 (foreground color: #ff0000, background color: #ffffff, font size: 9.0pt, font weight: normal). Expected contrast ratio of 4.5:1


  f) [".col-sm-12:nth-child(7) > .col-sm-2.award_info.award-card:nth-child(2) > .emp_name[align=\"center\"]:nth-child(6) > .thickbox"]
    Fix any of the following:
      Element has insufficient color contrast of 2.34 (foreground color: #5ab1ef, background color: #ffffff, font size: 9.9pt, font weight: normal). Expected contrast ratio of 4.5:1


  g) [".col-sm-12:nth-child(7) > .col-sm-2.award_info.award-card:nth-child(3) > .emp_name[align=\"center\"]:nth-child(6) > .thickbox"]
    Fix any of the following:
      Element has insufficient color contrast of 2.34 (foreground color: #5ab1ef, background color: #ffffff, font size: 9.9pt, font weight: normal). Expected contrast ratio of 4.5:1


  h) [".col-sm-12:nth-child(7) > .col-sm-2.award_info.award-card:nth-child(4) > .emp_name[align=\"center\"]:nth-child(6) > .thickbox"]
    Fix any of the following:
      Element has insufficient color contrast of 2.34 (foreground color: #5ab1ef, background color: #ffffff, font size: 9.9pt, font weight: normal). Expected contrast ratio of 4.5:1


  i) [".col-sm-12:nth-child(7) > .col-sm-2.award_info.award-card:nth-child(5) > .emp_name[align=\"center\"]:nth-child(6) > .thickbox"]
    Fix any of the following:
      Element has insufficient color contrast of 2.34 (foreground color: #5ab1ef, background color: #ffffff, font size: 9.9pt, font weight: normal). Expected contrast ratio of 4.5:1


  j) [".col-sm-12:nth-child(7) > .col-sm-2.award_info.award-card:nth-child(6) > .emp_name[align=\"center\"]:nth-child(6) > .thickbox"]
    Fix any of the following:
      Element has insufficient color contrast of 2.34 (foreground color: #5ab1ef, background color: #ffffff, font size: 9.9pt, font weight: normal). Expected contrast ratio of 4.5:1


  k) [".col-sm-12:nth-child(7) > .col-sm-2.award_info.award-card:nth-child(7) > .emp_name[align=\"center\"]:nth-child(6) > .thickbox"]
    Fix any of the following:
      Element has insufficient color contrast of 2.34 (foreground color: #5ab1ef, background color: #ffffff, font size: 9.9pt, font weight: normal). Expected contrast ratio of 4.5:1


  l) [".col-sm-12:nth-child(7) > .col-sm-2.award_info.award-card:nth-child(8) > .emp_name[align=\"center\"]:nth-child(6) > .thickbox"]
    Fix any of the following:
      Element has insufficient color contrast of 2.34 (foreground color: #5ab1ef, background color: #ffffff, font size: 9.9pt, font weight: normal). Expected contrast ratio of 4.5:1


  m) [".col-sm-12:nth-child(8) > .col-sm-2.award_info.award-card:nth-child(2) > .emp_name[align=\"center\"]:nth-child(6) > .thickbox"]
    Fix any of the following:
      Element has insufficient color contrast of 2.34 (foreground color: #5ab1ef, background color: #ffffff, font size: 9.9pt, font weight: normal). Expected contrast ratio of 4.5:1


  n) [".col-sm-12:nth-child(8) > .col-sm-2.award_info.award-card:nth-child(3) > .emp_name[align=\"center\"]:nth-child(6) > .thickbox"]
    Fix any of the following:
      Element has insufficient color contrast of 2.34 (foreground color: #5ab1ef, background color: #ffffff, font size: 9.9pt, font weight: normal). Expected contrast ratio of 4.5:1


  o) [".col-sm-12:nth-child(8) > .col-sm-2.award_info.award-card:nth-child(4) > .emp_name[align=\"center\"]:nth-child(6) > .thickbox"]
    Fix any of the following:
      Element has insufficient color contrast of 2.34 (foreground color: #5ab1ef, background color: #ffffff, font size: 9.9pt, font weight: normal). Expected contrast ratio of 4.5:1


  p) [".col-sm-12:nth-child(8) > .col-sm-2.award_info.award-card:nth-child(5) > .emp_name[align=\"center\"]:nth-child(6) > .thickbox"]
    Fix any of the following:
      Element has insufficient color contrast of 2.34 (foreground color: #5ab1ef, background color: #ffffff, font size: 9.9pt, font weight: normal). Expected contrast ratio of 4.5:1


  q) [".col-sm-12:nth-child(8) > .col-sm-2.award_info.award-card:nth-child(6) > .emp_name[align=\"center\"]:nth-child(6) > .thickbox"]
    Fix any of the following:
      Element has insufficient color contrast of 2.34 (foreground color: #5ab1ef, background color: #ffffff, font size: 9.9pt, font weight: normal). Expected contrast ratio of 4.5:1


  r) [".col-sm-12:nth-child(8) > .col-sm-2.award_info.award-card:nth-child(7) > .emp_name[align=\"center\"]:nth-child(6) > .thickbox"]
    Fix any of the following:
      Element has insufficient color contrast of 2.34 (foreground color: #5ab1ef, background color: #ffffff, font size: 9.9pt, font weight: normal). Expected contrast ratio of 4.5:1


  s) [".col-sm-12:nth-child(9) > .col-sm-2.award_info.award-card:nth-child(2) > .emp_name[align=\"center\"]:nth-child(6) > .thickbox"]
    Fix any of the following:
      Element has insufficient color contrast of 2.34 (foreground color: #5ab1ef, background color: #ffffff, font size: 9.9pt, font weight: normal). Expected contrast ratio of 4.5:1


  t) [".col-sm-12:nth-child(9) > .col-sm-2.award_info.award-card:nth-child(3) > .emp_name[align=\"center\"]:nth-child(6) > .thickbox"]
    Fix any of the following:
      Element has insufficient color contrast of 2.34 (foreground color: #5ab1ef, background color: #ffffff, font size: 9.9pt, font weight: normal). Expected contrast ratio of 4.5:1


  u) [".col-sm-12:nth-child(9) > .col-sm-2.award_info.award-card:nth-child(4) > .emp_name[align=\"center\"]:nth-child(6) > .thickbox"]
    Fix any of the following:
      Element has insufficient color contrast of 2.34 (foreground color: #5ab1ef, background color: #ffffff, font size: 9.9pt, font weight: normal). Expected contrast ratio of 4.5:1


  v) [".col-sm-12:nth-child(9) > .col-sm-2.award_info.award-card:nth-child(5) > .emp_name[align=\"center\"]:nth-child(6) > .thickbox"]
    Fix any of the following:
      Element has insufficient color contrast of 2.34 (foreground color: #5ab1ef, background color: #ffffff, font size: 9.9pt, font weight: normal). Expected contrast ratio of 4.5:1


  w) [".col-sm-12:nth-child(10) > .col-sm-2.award_info.award-card:nth-child(2) > .emp_name[align=\"center\"]:nth-child(6) > .thickbox"]
    Fix any of the following:
      Element has insufficient color contrast of 2.34 (foreground color: #5ab1ef, background color: #ffffff, font size: 9.9pt, font weight: normal). Expected contrast ratio of 4.5:1


  x) [".col-sm-12:nth-child(10) > .col-sm-2.award_info.award-card:nth-child(3) > .emp_name[align=\"center\"]:nth-child(6) > .thickbox"]
    Fix any of the following:
      Element has insufficient color contrast of 2.34 (foreground color: #5ab1ef, background color: #ffffff, font size: 9.9pt, font weight: normal). Expected contrast ratio of 4.5:1


  y) [".col-sm-12:nth-child(10) > .col-sm-2.award_info.award-card:nth-child(4) > .emp_name[align=\"center\"]:nth-child(6) > .thickbox"]
    Fix any of the following:
      Element has insufficient color contrast of 2.34 (foreground color: #5ab1ef, background color: #ffffff, font size: 9.9pt, font weight: normal). Expected contrast ratio of 4.5:1


  z) [".col-sm-12:nth-child(10) > .col-sm-2.award_info.award-card:nth-child(5) > .emp_name[align=\"center\"]:nth-child(6) > .thickbox"]
    Fix any of the following:
      Element has insufficient color contrast of 2.34 (foreground color: #5ab1ef, background color: #ffffff, font size: 9.9pt, font weight: normal). Expected contrast ratio of 4.5:1


  aa) [".col-sm-12:nth-child(11) > .col-sm-2.award_info.award-card:nth-child(2) > .emp_name[align=\"center\"]:nth-child(6) > .thickbox"]
    Fix any of the following:
      Element has insufficient color contrast of 2.34 (foreground color: #5ab1ef, background color: #ffffff, font size: 9.9pt, font weight: normal). Expected contrast ratio of 4.5:1


  ab) [".col-sm-12:nth-child(11) > .col-sm-2.award_info.award-card:nth-child(3) > .emp_name[align=\"center\"]:nth-child(6) > .thickbox"]
    Fix any of the following:
      Element has insufficient color contrast of 2.34 (foreground color: #5ab1ef, background color: #ffffff, font size: 9.9pt, font weight: normal). Expected contrast ratio of 4.5:1


  ac) [".col-sm-12:nth-child(11) > .col-sm-2.award_info.award-card:nth-child(4) > .emp_name[align=\"center\"]:nth-child(6) > .thickbox"]
    Fix any of the following:
      Element has insufficient color contrast of 2.34 (foreground color: #5ab1ef, background color: #ffffff, font size: 9.9pt, font weight: normal). Expected contrast ratio of 4.5:1


  ad) [".col-sm-12:nth-child(11) > .col-sm-2.award_info.award-card:nth-child(5) > .emp_name[align=\"center\"]:nth-child(6) > .thickbox"]
    Fix any of the following:
      Element has insufficient color contrast of 2.34 (foreground color: #5ab1ef, background color: #ffffff, font size: 9.9pt, font weight: normal). Expected contrast ratio of 4.5:1


  ae) [".col-sm-12:nth-child(12) > .col-sm-2.award_info.award-card:nth-child(2) > .emp_name[align=\"center\"]:nth-child(6) > .thickbox"]
    Fix any of the following:
      Element has insufficient color contrast of 2.34 (foreground color: #5ab1ef, background color: #ffffff, font size: 9.9pt, font weight: normal). Expected contrast ratio of 4.5:1


  af) [".col-sm-12:nth-child(12) > .col-sm-2.award_info.award-card:nth-child(3) > .emp_name[align=\"center\"]:nth-child(6) > .thickbox"]
    Fix any of the following:
      Element has insufficient color contrast of 2.34 (foreground color: #5ab1ef, background color: #ffffff, font size: 9.9pt, font weight: normal). Expected contrast ratio of 4.5:1


  ag) [".col-sm-12:nth-child(12) > .col-sm-2.award_info.award-card:nth-child(4) > .emp_name[align=\"center\"]:nth-child(6) > .thickbox"]
    Fix any of the following:
      Element has insufficient color contrast of 2.34 (foreground color: #5ab1ef, background color: #ffffff, font size: 9.9pt, font weight: normal). Expected contrast ratio of 4.5:1


3) id attribute value must be unique: https://dequeuniversity.com/rules/axe/3.1/duplicate-id?application=axeAPI
  a) [".col-sm-12:nth-child(7) > div:nth-child(1)"]
    Fix any of the following:
      Document has multiple static elements with the same id attribute


4) <html> element must have a lang attribute: https://dequeuniversity.com/rules/axe/3.1/html-has-lang?application=axeAPI
  a) ["html"]
    Fix any of the following:
      The <html> element does not have a lang attribute


5) Images must have alternate text: https://dequeuniversity.com/rules/axe/3.1/image-alt?application=axeAPI
  a) ["#my_favorites > .material-icons[height=\"\\32 0px\"][width=\"\\32 0px\"]"]
    Fix any of the following:
      Element does not have an alt attribute
      aria-label attribute does not exist or is empty
      aria-labelledby attribute does not exist, references elements that do not exist or references elements that are empty
      Element has no title attribute or the title attribute is empty
      Element's default semantics were not overridden with role="presentation"
      Element's default semantics were not overridden with role="none"


  b) [".left-lists.normal:nth-child(1) > a > .material-icons[height=\"\\32 0px\"][width=\"\\32 0px\"]"]
    Fix any of the following:
      Element does not have an alt attribute
      aria-label attribute does not exist or is empty
      aria-labelledby attribute does not exist, references elements that do not exist or references elements that are empty
      Element has no title attribute or the title attribute is empty
      Element's default semantics were not overridden with role="presentation"
      Element's default semantics were not overridden with role="none"


  c) ["img[src$=\"hiring.png\"]"]
    Fix any of the following:
      Element does not have an alt attribute
      aria-label attribute does not exist or is empty
      aria-labelledby attribute does not exist, references elements that do not exist or references elements that are empty
      Element has no title attribute or the title attribute is empty
      Element's default semantics were not overridden with role="presentation"
      Element's default semantics were not overridden with role="none"


  d) ["a[href=\"/appraisals/index\"] > .material-icons[height=\"\\32 0px\"][width=\"\\32 0px\"]"]
    Fix any of the following:
      Element does not have an alt attribute
      aria-label attribute does not exist or is empty
      aria-labelledby attribute does not exist, references elements that do not exist or references elements that are empty
      Element has no title attribute or the title attribute is empty
      Element's default semantics were not overridden with role="presentation"
      Element's default semantics were not overridden with role="none"


  e) ["img[src$=\"awards.png\"]"]
    Fix any of the following:
      Element does not have an alt attribute
      aria-label attribute does not exist or is empty
      aria-labelledby attribute does not exist, references elements that do not exist or references elements that are empty
      Element has no title attribute or the title attribute is empty
      Element's default semantics were not overridden with role="presentation"
      Element's default semantics were not overridden with role="none"


  f) [".normal:nth-child(5) > a > .material-icons[height=\"\\32 0px\"][width=\"\\32 0px\"]"]
    Fix any of the following:
      Element does not have an alt attribute
      aria-label attribute does not exist or is empty
      aria-labelledby attribute does not exist, references elements that do not exist or references elements that are empty
      Element has no title attribute or the title attribute is empty
      Element's default semantics were not overridden with role="presentation"
      Element's default semantics were not overridden with role="none"


  g) ["a[href$=\"documents\"] > .material-icons[height=\"\\32 0px\"][width=\"\\32 0px\"]"]
    Fix any of the following:
      Element does not have an alt attribute
      aria-label attribute does not exist or is empty
      aria-labelledby attribute does not exist, references elements that do not exist or references elements that are empty
      Element has no title attribute or the title attribute is empty
      Element's default semantics were not overridden with role="presentation"
      Element's default semantics were not overridden with role="none"


  h) [".image_class"]
    Fix any of the following:
      Element does not have an alt attribute
      aria-label attribute does not exist or is empty
      aria-labelledby attribute does not exist, references elements that do not exist or references elements that are empty
      Element has no title attribute or the title attribute is empty
      Element's default semantics were not overridden with role="presentation"
      Element's default semantics were not overridden with role="none"


6) Form elements must have labels: https://dequeuniversity.com/rules/axe/3.1/label?application=axeAPI
  a) ["#empname"]
    Fix any of the following:
      aria-label attribute does not exist or is empty
      aria-labelledby attribute does not exist, references elements that do not exist or references elements that are empty
      Form element does not have an implicit (wrapped) <label>
      Form element does not have an explicit <label>
      Element has no title attribute or the title attribute is empty


  b) ["#year_dropdwon_id"]
    Fix any of the following:
      aria-label attribute does not exist or is empty
      aria-labelledby attribute does not exist, references elements that do not exist or references elements that are empty
      Form element does not have an implicit (wrapped) <label>
      Form element does not have an explicit <label>
      Element has no title attribute or the title attribute is empty


7) Page must have one main landmark: https://dequeuniversity.com/rules/axe/3.1/landmark-one-main?application=axeAPI
  a) ["html"]
    Fix all of the following:
      Page does not have a main landmark


8) Links must have discernible text: https://dequeuniversity.com/rules/axe/3.1/link-name?application=axeAPI
  a) ["a[href$=\"notifications\"]"]
    Fix all of the following:
      Element is in tab order and does not have accessible text

    Fix any of the following:
      Element does not have text that is visible to screen readers
      aria-label attribute does not exist or is empty
      aria-labelledby attribute does not exist, references elements that do not exist or references elements that are empty
      Element's default semantics were not overridden with role="presentation"
      Element's default semantics were not overridden with role="none"


  b) [".header-right.left:nth-child(3) > a"]
    Fix all of the following:
      Element is in tab order and does not have accessible text

    Fix any of the following:
      Element does not have text that is visible to screen readers
      aria-label attribute does not exist or is empty
      aria-labelledby attribute does not exist, references elements that do not exist or references elements that are empty
      Element's default semantics were not overridden with role="presentation"
      Element's default semantics were not overridden with role="none"


  c) [".innominds-logo"]
    Fix all of the following:
      Element is in tab order and does not have accessible text

    Fix any of the following:
      Element does not have text that is visible to screen readers
      aria-label attribute does not exist or is empty
      aria-labelledby attribute does not exist, references elements that do not exist or references elements that are empty
      Element's default semantics were not overridden with role="presentation"
      Element's default semantics were not overridden with role="none"


9) Zooming and scaling must not be disabled: https://dequeuniversity.com/rules/axe/3.1/meta-viewport?application=axeAPI
  a) ["#content-left > meta[name=\"viewport\"]"]
    Fix any of the following:
      user-scalable=no on <meta> tag disables zooming on mobile devices


10) All page content must be contained by landmarks: https://dequeuniversity.com/rules/axe/3.1/region?application=axeAPI
  a) ["html"]
    Fix any of the following:
      Some page content is not contained by landmarks

 expected [true] but found [false]
at org.testng.Assert.fail(Assert.java:110)
at org.testng.Assert.failNotEquals(Assert.java:1577)
at org.testng.Assert.assertTrue(Assert.java:56)
at genericLib.WebDriverUtilies.axelib(WebDriverUtilies.java:31)
at awards.Awards.Validate_Awards_Module_On_Myspace_App(Awards.java:14)
at java.base/jdk.internal.reflect.NativeMethodAccessorImpl.invoke0(Native Method)
at java.base/jdk.internal.reflect.NativeMethodAccessorImpl.invoke(NativeMethodAccessorImpl.java:77)
at java.base/jdk.internal.reflect.DelegatingMethodAccessorImpl.invoke(DelegatingMethodAccessorImpl.java:43)
at java.base/java.lang.reflect.Method.invoke(Method.java:568)
at org.testng.internal.invokers.MethodInvocationHelper.invokeMethod(MethodInvocationHelper.java:139)
at org.testng.internal.invokers.TestInvoker.invokeMethod(TestInvoker.java:677)
at org.testng.internal.invokers.TestInvoker.invokeTestMethod(TestInvoker.java:221)
at org.testng.internal.invokers.MethodRunner.runInSequence(MethodRunner.java:50)
at org.testng.internal.invokers.TestInvoker$MethodInvocationAgent.invoke(TestInvoker.java:969)
at org.testng.internal.invokers.TestInvoker.invokeTestMethods(TestInvoker.java:194)
at org.testng.internal.invokers.TestMethodWorker.invokeTestMethods(TestMethodWorker.java:148)
at org.testng.internal.invokers.TestMethodWorker.run(TestMethodWorker.java:128)
at java.base/java.util.ArrayList.forEach(ArrayList.java:1511)
at org.testng.TestRunner.privateRun(TestRunner.java:829)
at org.testng.TestRunner.run(TestRunner.java:602)
at org.testng.SuiteRunner.runTest(SuiteRunner.java:437)
at org.testng.SuiteRunner.runSequentially(SuiteRunner.java:431)
at org.testng.SuiteRunner.privateRun(SuiteRunner.java:391)
at org.testng.SuiteRunner.run(SuiteRunner.java:330)
at org.testng.SuiteRunnerWorker.runSuite(SuiteRunnerWorker.java:52)
at org.testng.SuiteRunnerWorker.run(SuiteRunnerWorker.java:95)
at org.testng.TestNG.runSuitesSequentially(TestNG.java:1256)
at org.testng.TestNG.runSuitesLocally(TestNG.java:1176)
at org.testng.TestNG.runSuites(TestNG.java:1099)
at org.testng.TestNG.run(TestNG.java:1067)
at org.testng.remote.AbstractRemoteTestNG.run(AbstractRemoteTestNG.java:115)
at org.testng.remote.RemoteTestNG.initAndRun(RemoteTestNG.java:251)
at org.testng.remote.RemoteTestNG.main(RemoteTestNG.java:77)
]]>
    </failure>
  </testcase> <!-- Validate_Awards_Module_On_Myspace_App -->
  <system-out/>
</testsuite> <!-- awards.Awards -->
