<?xml version="1.0" encoding="UTF-8"?>
<!-- Generated by org.testng.reporters.JUnitReportReporter -->
<testsuite hostname="IM-LP-2722" failures="0" tests="1" name="scripts.BrandingAndMarketing" time="25.307" errors="0" timestamp="2024-03-07T16:58:10 IST" skipped="0">
  <testcase classname="scripts.BrandingAndMarketing" name="Validate_BrandingAndMarketing_Module_On_Myspace_App" time="25.307"/>
  <system-out/>
</testsuite> <!-- scripts.BrandingAndMarketing -->
